<?xml version="1.0" encoding="UTF-8"?>
<!-- Generated by org.testng.reporters.JUnitXMLReporter -->
<testsuite hostname="DESKTOP-MC" ignored="0" name="RUN ON CHROME_UI" tests="5" failures="0" timestamp="11 Jun 2021 08:12:45 GMT" time="4.23" errors="0">
  <testcase name="@BeforeClass beforeClass" time="4.15" classname="com.nopcommerce.users.User_01_Regester">
    <failure type="org.openqa.selenium.SessionNotCreatedException" message="session not created: This version of ChromeDriver only supports Chrome version 89
Current browser version is 91.0.4472.77 with binary path C:\Program Files\Google\Chrome\Application\chrome.exe
Build info: version: &amp;apos;3.141.59&amp;apos;, revision: &amp;apos;e82be7d358&amp;apos;, time: &amp;apos;2018-11-14T08:25:53&amp;apos;
System info: host: &amp;apos;DESKTOP-MC&amp;apos;, ip: &amp;apos;192.168.109.2&amp;apos;, os.name: &amp;apos;Windows 10&amp;apos;, os.arch: &amp;apos;amd64&amp;apos;, os.version: &amp;apos;10.0&amp;apos;, java.version: &amp;apos;1.8.0_211&amp;apos;
Driver info: driver.version: ChromeDriver
remote stacktrace: Backtrace:
	Ordinal0 [0x00C3E7D3+124883]
	Ordinal0 [0x00C3E7B1+124849]
	GetHandleVerifier [0x00E88688+193832]
	GetHandleVerifier [0x00EA3AC5+305509]
	GetHandleVerifier [0x00EA021B+291003]
	GetHandleVerifier [0x00E9E0AC+282444]
	GetHandleVerifier [0x00EC4A90+440624]
	GetHandleVerifier [0x00EC47FC+439964]
	GetHandleVerifier [0x00EC154B+426987]
	GetHandleVerifier [0x00EA4FFD+310941]
	GetHandleVerifier [0x00EA5D8E+314414]
	GetHandleVerifier [0x00EA5D19+314297]
	GetHandleVerifier [0x00F631EC+1089676]
	GetHandleVerifier [0x00F617C9+1082985]
	GetHandleVerifier [0x00F613A3+1081923]
	GetHandleVerifier [0x0105D9FD+2115741]
	Ordinal0 [0x00D8B82E+1488942]
	Ordinal0 [0x00D25A7D+1071741]
	Ordinal0 [0x00D2559B+1070491]
	Ordinal0 [0x00D254B1+1070257]
	Ordinal0 [0x00D5FF53+1310547]
	BaseThreadInitThunk [0x76F2FA29+25]
	RtlGetAppContainerNamedObjectPath [0x77907A7E+286]
	RtlGetAppContainerNamedObjectPath [0x77907A4E+238]
">
      <![CDATA[org.openqa.selenium.SessionNotCreatedException: session not created: This version of ChromeDriver only supports Chrome version 89
Current browser version is 91.0.4472.77 with binary path C:\Program Files\Google\Chrome\Application\chrome.exe
Build info: version: '3.141.59', revision: 'e82be7d358', time: '2018-11-14T08:25:53'
System info: host: 'DESKTOP-MC', ip: '192.168.109.2', os.name: 'Windows 10', os.arch: 'amd64', os.version: '10.0', java.version: '1.8.0_211'
Driver info: driver.version: ChromeDriver
remote stacktrace: Backtrace:
Ordinal0 [0x00C3E7D3+124883]
Ordinal0 [0x00C3E7B1+124849]
GetHandleVerifier [0x00E88688+193832]
GetHandleVerifier [0x00EA3AC5+305509]
GetHandleVerifier [0x00EA021B+291003]
GetHandleVerifier [0x00E9E0AC+282444]
GetHandleVerifier [0x00EC4A90+440624]
GetHandleVerifier [0x00EC47FC+439964]
GetHandleVerifier [0x00EC154B+426987]
GetHandleVerifier [0x00EA4FFD+310941]
GetHandleVerifier [0x00EA5D8E+314414]
GetHandleVerifier [0x00EA5D19+314297]
GetHandleVerifier [0x00F631EC+1089676]
GetHandleVerifier [0x00F617C9+1082985]
GetHandleVerifier [0x00F613A3+1081923]
GetHandleVerifier [0x0105D9FD+2115741]
Ordinal0 [0x00D8B82E+1488942]
Ordinal0 [0x00D25A7D+1071741]
Ordinal0 [0x00D2559B+1070491]
Ordinal0 [0x00D254B1+1070257]
Ordinal0 [0x00D5FF53+1310547]
BaseThreadInitThunk [0x76F2FA29+25]
RtlGetAppContainerNamedObjectPath [0x77907A7E+286]
RtlGetAppContainerNamedObjectPath [0x77907A4E+238]

at org.openqa.selenium.remote.W3CHandshakeResponse.lambda$errorHandler$0(W3CHandshakeResponse.java:62)
at org.openqa.selenium.remote.HandshakeResponse.lambda$getResponseFunction$0(HandshakeResponse.java:30)
at org.openqa.selenium.remote.ProtocolHandshake.lambda$createSession$0(ProtocolHandshake.java:126)
at java.util.stream.ReferencePipeline$3$1.accept(Unknown Source)
at java.util.Spliterators$ArraySpliterator.tryAdvance(Unknown Source)
at java.util.stream.ReferencePipeline.forEachWithCancel(Unknown Source)
at java.util.stream.AbstractPipeline.copyIntoWithCancel(Unknown Source)
at java.util.stream.AbstractPipeline.copyInto(Unknown Source)
at java.util.stream.AbstractPipeline.wrapAndCopyInto(Unknown Source)
at java.util.stream.FindOps$FindOp.evaluateSequential(Unknown Source)
at java.util.stream.AbstractPipeline.evaluate(Unknown Source)
at java.util.stream.ReferencePipeline.findFirst(Unknown Source)
at org.openqa.selenium.remote.ProtocolHandshake.createSession(ProtocolHandshake.java:128)
at org.openqa.selenium.remote.ProtocolHandshake.createSession(ProtocolHandshake.java:74)
at org.openqa.selenium.remote.HttpCommandExecutor.execute(HttpCommandExecutor.java:136)
at org.openqa.selenium.remote.service.DriverCommandExecutor.execute(DriverCommandExecutor.java:83)
at org.openqa.selenium.remote.RemoteWebDriver.execute(RemoteWebDriver.java:552)
at org.openqa.selenium.remote.RemoteWebDriver.startSession(RemoteWebDriver.java:213)
at org.openqa.selenium.remote.RemoteWebDriver.<init>(RemoteWebDriver.java:131)
at org.openqa.selenium.chrome.ChromeDriver.<init>(ChromeDriver.java:181)
at org.openqa.selenium.chrome.ChromeDriver.<init>(ChromeDriver.java:168)
at org.openqa.selenium.chrome.ChromeDriver.<init>(ChromeDriver.java:157)
at commons.AbstractTest.getBrowserName(AbstractTest.java:69)
at com.nopcommerce.users.User_01_Regester.beforeClass(User_01_Regester.java:37)
... Removed 30 stack frames]]>
    </failure>
  </testcase> <!-- @BeforeClass beforeClass -->
  <testcase name="@AfterClass afterClass" time="0.0" classname="com.nopcommerce.users.User_01_Regester">
    <skipped/>
  </testcase> <!-- @AfterClass afterClass -->
  <testcase name="TC_02_Register_With_Invalid_Email" time="0.0" classname="com.nopcommerce.users.User_01_Regester">
    <skipped/>
  </testcase> <!-- TC_02_Register_With_Invalid_Email -->
  <testcase name="TC_03_Register_With_Email_Exist" time="0.0" classname="com.nopcommerce.users.User_01_Regester">
    <skipped/>
  </testcase> <!-- TC_03_Register_With_Email_Exist -->
  <testcase name="TC_04_Register_With_Password_Under6" time="0.0" classname="com.nopcommerce.users.User_01_Regester">
    <skipped/>
  </testcase> <!-- TC_04_Register_With_Password_Under6 -->
  <testcase name="TC_05_Register_With_Password_Wrong" time="0.0" classname="com.nopcommerce.users.User_01_Regester">
    <skipped/>
  </testcase> <!-- TC_05_Register_With_Password_Wrong -->
  <testcase name="TC_06_Register_Success" time="0.0" classname="com.nopcommerce.users.User_01_Regester">
    <skipped/>
  </testcase> <!-- TC_06_Register_Success -->
</testsuite> <!-- RUN ON CHROME_UI -->
