<!DOCTYPE html PUBLIC "-//W3C//DTD XHTML 1.1//EN" "http://www.w3.org/TR/xhtml11/DTD/xhtml11.dtd">
<html xmlns="http://www.w3.org/1999/xhtml">
<head>
<meta http-equiv="content-type" content="text/html; charset=UTF-8"/>
<title>TestNG Report</title>
<style type="text/css">table {margin-bottom:10px;border-collapse:collapse;empty-cells:show}th,td {border:1px solid #009;padding:.25em .5em}th {vertical-align:bottom}td {vertical-align:top}table a {font-weight:bold}.stripe td {background-color: #E6EBF9}.num {text-align:right}.passedodd td {background-color: #3F3}.passedeven td {background-color: #0A0}.skippedodd td {background-color: #DDD}.skippedeven td {background-color: #CCC}.failedodd td,.attn {background-color: #F33}.failedeven td,.stripe .attn {background-color: #D00}.stacktrace {white-space:pre;font-family:monospace}.totop {font-size:85%;text-align:center;border-bottom:2px solid #000}.invisible {display:none}</style>
</head>
<body>
<table>
<tr><th>Test</th><th># Passed</th><th># Skipped</th><th># Failed</th><th>Time (ms)</th><th>Included Groups</th><th>Excluded Groups</th></tr>
<tr><th colspan="7">Suite</th></tr>
<tr><td><a href="#t0">RUN ON FIREFOX_UI</a></td><td class="num">3</td><td class="num">0</td><td class="num">0</td><td class="num">25,806</td><td></td><td></td></tr>
<tr class="stripe"><td><a href="#t1">RUN ON CHROME_UI</a></td><td class="num">3</td><td class="num">0</td><td class="num">0</td><td class="num">26,740</td><td></td><td></td></tr>
<tr><td><a href="#t2">RUN ON FIREFOX_HEADLESS</a></td><td class="num">3</td><td class="num">0</td><td class="num">0</td><td class="num">18,300</td><td></td><td></td></tr>
<tr class="stripe"><td><a href="#t3">RUN ON CHROME_HEADLESS</a></td><td class="num">3</td><td class="num">0</td><td class="num">0</td><td class="num">27,297</td><td></td><td></td></tr>
<tr><td><a href="#t4">RUN ON EDGE_CHROMIUM</a></td><td class="num">0</td><td class="num">0</td><td class="num attn">3</td><td class="num">106,838</td><td></td><td></td></tr>
<tr><th>Total</th><th class="num">12</th><th class="num">0</th><th class="num attn">3</th><th class="num">204,981</th><th colspan="2"></th></tr>
</table>
<table id='summary'><thead><tr><th>Class</th><th>Method</th><th>Start</th><th>Time (ms)</th></tr></thead><tbody><tr><th colspan="4">Suite</th></tr></tbody><tbody id="t0"><tr><th colspan="4">RUN ON FIREFOX_UI &#8212; passed</th></tr><tr class="passedeven"><td rowspan="3">com.nopcommerce.users.Level_04_Register_Login_Multiple_Browser</td><td><a href="#m0">TC_01_Register</a></td><td rowspan="1">1621326888752</td><td rowspan="1">8655</td></tr><tr class="passedeven"><td><a href="#m1">TC_02_Login</a></td><td rowspan="1">1621326897411</td><td rowspan="1">4045</td></tr><tr class="passedeven"><td><a href="#m2">TC_03_MyAcount</a></td><td rowspan="1">1621326901458</td><td rowspan="1">2988</td></tr></tbody>
<tbody id="t1"><tr><th colspan="4">RUN ON CHROME_UI &#8212; passed</th></tr><tr class="passedeven"><td rowspan="3">com.nopcommerce.users.Level_04_Register_Login_Multiple_Browser</td><td><a href="#m3">TC_01_Register</a></td><td rowspan="1">1621326909412</td><td rowspan="1">12498</td></tr><tr class="passedeven"><td><a href="#m4">TC_02_Login</a></td><td rowspan="1">1621326921913</td><td rowspan="1">6318</td></tr><tr class="passedeven"><td><a href="#m5">TC_03_MyAcount</a></td><td rowspan="1">1621326928233</td><td rowspan="1">3437</td></tr></tbody>
<tbody id="t2"><tr><th colspan="4">RUN ON FIREFOX_HEADLESS &#8212; passed</th></tr><tr class="passedeven"><td rowspan="3">com.nopcommerce.users.Level_04_Register_Login_Multiple_Browser</td><td><a href="#m6">TC_01_Register</a></td><td rowspan="1">1621326939299</td><td rowspan="1">6065</td></tr><tr class="passedeven"><td><a href="#m7">TC_02_Login</a></td><td rowspan="1">1621326945366</td><td rowspan="1">2010</td></tr><tr class="passedeven"><td><a href="#m8">TC_03_MyAcount</a></td><td rowspan="1">1621326947377</td><td rowspan="1">2170</td></tr></tbody>
<tbody id="t3"><tr><th colspan="4">RUN ON CHROME_HEADLESS &#8212; passed</th></tr><tr class="passedeven"><td rowspan="3">com.nopcommerce.users.Level_04_Register_Login_Multiple_Browser</td><td><a href="#m9">TC_01_Register</a></td><td rowspan="1">1621326956785</td><td rowspan="1">11212</td></tr><tr class="passedeven"><td><a href="#m10">TC_02_Login</a></td><td rowspan="1">1621326967999</td><td rowspan="1">4281</td></tr><tr class="passedeven"><td><a href="#m11">TC_03_MyAcount</a></td><td rowspan="1">1621326972283</td><td rowspan="1">5033</td></tr></tbody>
<tbody id="t4"><tr><th colspan="4">RUN ON EDGE_CHROMIUM &#8212; failed</th></tr><tr class="failedeven"><td rowspan="3">com.nopcommerce.users.Level_04_Register_Login_Multiple_Browser</td><td><a href="#m12">TC_01_Register</a></td><td rowspan="1">1621326981857</td><td rowspan="1">39318</td></tr><tr class="failedeven"><td><a href="#m13">TC_02_Login</a></td><td rowspan="1">1621327021180</td><td rowspan="1">32659</td></tr><tr class="failedeven"><td><a href="#m14">TC_03_MyAcount</a></td><td rowspan="1">1621327053847</td><td rowspan="1">30039</td></tr></tbody>
</table>
<h2>RUN ON FIREFOX_UI</h2><h3 id="m0">com.nopcommerce.users.Level_04_Register_Login_Multiple_Browser#TC_01_Register</h3><table class="result"><tr><th class="invisible"/></tr></table><p class="totop"><a href="#summary">back to summary</a></p>
<h3 id="m1">com.nopcommerce.users.Level_04_Register_Login_Multiple_Browser#TC_02_Login</h3><table class="result"><tr><th class="invisible"/></tr></table><p class="totop"><a href="#summary">back to summary</a></p>
<h3 id="m2">com.nopcommerce.users.Level_04_Register_Login_Multiple_Browser#TC_03_MyAcount</h3><table class="result"><tr><th class="invisible"/></tr></table><p class="totop"><a href="#summary">back to summary</a></p>
<h2>RUN ON CHROME_UI</h2><h3 id="m3">com.nopcommerce.users.Level_04_Register_Login_Multiple_Browser#TC_01_Register</h3><table class="result"><tr><th class="invisible"/></tr></table><p class="totop"><a href="#summary">back to summary</a></p>
<h3 id="m4">com.nopcommerce.users.Level_04_Register_Login_Multiple_Browser#TC_02_Login</h3><table class="result"><tr><th class="invisible"/></tr></table><p class="totop"><a href="#summary">back to summary</a></p>
<h3 id="m5">com.nopcommerce.users.Level_04_Register_Login_Multiple_Browser#TC_03_MyAcount</h3><table class="result"><tr><th class="invisible"/></tr></table><p class="totop"><a href="#summary">back to summary</a></p>
<h2>RUN ON FIREFOX_HEADLESS</h2><h3 id="m6">com.nopcommerce.users.Level_04_Register_Login_Multiple_Browser#TC_01_Register</h3><table class="result"><tr><th class="invisible"/></tr></table><p class="totop"><a href="#summary">back to summary</a></p>
<h3 id="m7">com.nopcommerce.users.Level_04_Register_Login_Multiple_Browser#TC_02_Login</h3><table class="result"><tr><th class="invisible"/></tr></table><p class="totop"><a href="#summary">back to summary</a></p>
<h3 id="m8">com.nopcommerce.users.Level_04_Register_Login_Multiple_Browser#TC_03_MyAcount</h3><table class="result"><tr><th class="invisible"/></tr></table><p class="totop"><a href="#summary">back to summary</a></p>
<h2>RUN ON CHROME_HEADLESS</h2><h3 id="m9">com.nopcommerce.users.Level_04_Register_Login_Multiple_Browser#TC_01_Register</h3><table class="result"><tr><th class="invisible"/></tr></table><p class="totop"><a href="#summary">back to summary</a></p>
<h3 id="m10">com.nopcommerce.users.Level_04_Register_Login_Multiple_Browser#TC_02_Login</h3><table class="result"><tr><th class="invisible"/></tr></table><p class="totop"><a href="#summary">back to summary</a></p>
<h3 id="m11">com.nopcommerce.users.Level_04_Register_Login_Multiple_Browser#TC_03_MyAcount</h3><table class="result"><tr><th class="invisible"/></tr></table><p class="totop"><a href="#summary">back to summary</a></p>
<h2>RUN ON EDGE_CHROMIUM</h2><h3 id="m12">com.nopcommerce.users.Level_04_Register_Login_Multiple_Browser#TC_01_Register</h3><table class="result"><tr><th>Exception</th></tr><tr><td><div class="stacktrace">org.openqa.selenium.TimeoutException: Expected condition failed: waiting for visibility of element located by By.xpath: //div[@class=&apos;result&apos;] (tried for 30 second(s) with 500 milliseconds interval)
	at org.openqa.selenium.support.ui.WebDriverWait.timeoutException(WebDriverWait.java:95)
	at org.openqa.selenium.support.ui.FluentWait.until(FluentWait.java:272)
	at commons.AbstractPage.waitToElementVisible(AbstractPage.java:358)
	at pageObjects.RegisterPageObject.getTextRegisterSuccessMessage(RegisterPageObject.java:81)
	at com.nopcommerce.users.Level_04_Register_Login_Multiple_Browser.TC_01_Register(Level_04_Register_Login_Multiple_Browser.java:78)
Caused by: org.openqa.selenium.NoSuchElementException: no such element: Unable to locate element: {&quot;method&quot;:&quot;xpath&quot;,&quot;selector&quot;:&quot;//div[@class=&apos;result&apos;]&quot;}
  (Session info: MicrosoftEdge=90.0.818.62)
For documentation on this error, please visit: https://www.seleniumhq.org/exceptions/no_such_element.html
Build info: version: &apos;3.141.59&apos;, revision: &apos;e82be7d358&apos;, time: &apos;2018-11-14T08:25:53&apos;
System info: host: &apos;DESKTOP-MC&apos;, ip: &apos;192.168.109.2&apos;, os.name: &apos;Windows 10&apos;, os.arch: &apos;amd64&apos;, os.version: &apos;10.0&apos;, java.version: &apos;1.8.0_211&apos;
Driver info: org.openqa.selenium.edge.EdgeDriver
Capabilities {acceptInsecureCerts: false, browserName: msedge, browserVersion: 90.0.818.62, javascriptEnabled: true, ms:edgeOptions: {debuggerAddress: localhost:60191}, msedge: {msedgedriverVersion: 90.0.818.51 (0ac6c7911676c0..., userDataDir: C:\Users\Admin\AppData\Loca...}, networkConnectionEnabled: false, pageLoadStrategy: normal, platform: WINDOWS, platformName: WINDOWS, proxy: Proxy(), setWindowRect: true, strictFileInteractability: false, timeouts: {implicit: 0, pageLoad: 300000, script: 30000}, unhandledPromptBehavior: dismiss and notify, webauthn:extension:largeBlob: true, webauthn:virtualAuthenticators: true}
Session ID: c0c84c547c7214b67fd925a9714627bf
*** Element info: {Using=xpath, value=//div[@class=&apos;result&apos;]}
	at org.openqa.selenium.remote.http.W3CHttpResponseCodec.createException(W3CHttpResponseCodec.java:187)
	at org.openqa.selenium.remote.http.W3CHttpResponseCodec.decode(W3CHttpResponseCodec.java:122)
	at org.openqa.selenium.remote.http.W3CHttpResponseCodec.decode(W3CHttpResponseCodec.java:49)
	at org.openqa.selenium.remote.HttpCommandExecutor.execute(HttpCommandExecutor.java:158)
	at org.openqa.selenium.remote.service.DriverCommandExecutor.execute(DriverCommandExecutor.java:83)
	at org.openqa.selenium.remote.RemoteWebDriver.execute(RemoteWebDriver.java:552)
	at org.openqa.selenium.remote.RemoteWebDriver.findElement(RemoteWebDriver.java:323)
	at org.openqa.selenium.remote.RemoteWebDriver.findElementByXPath(RemoteWebDriver.java:428)
	at org.openqa.selenium.By$ByXPath.findElement(By.java:353)
	at org.openqa.selenium.remote.RemoteWebDriver.findElement(RemoteWebDriver.java:315)
	at org.openqa.selenium.support.ui.ExpectedConditions$7.apply(ExpectedConditions.java:205)
	at org.openqa.selenium.support.ui.ExpectedConditions$7.apply(ExpectedConditions.java:201)
	at org.openqa.selenium.support.ui.FluentWait.until(FluentWait.java:249)
	... 28 more
... Removed 29 stack frames</div></td></tr></table><p class="totop"><a href="#summary">back to summary</a></p>
<h3 id="m13">com.nopcommerce.users.Level_04_Register_Login_Multiple_Browser#TC_02_Login</h3><table class="result"><tr><th>Exception</th></tr><tr><td><div class="stacktrace">org.openqa.selenium.TimeoutException: Expected condition failed: waiting for element to be clickable: By.xpath:  //button[@class=&apos;button-1 login-button&apos;] (tried for 30 second(s) with 500 milliseconds interval)
	at org.openqa.selenium.support.ui.WebDriverWait.timeoutException(WebDriverWait.java:95)
	at org.openqa.selenium.support.ui.FluentWait.until(FluentWait.java:272)
	at commons.AbstractPage.waitToElementclickable(AbstractPage.java:370)
	at pageObjects.LoginPageObject.clickToLoginButton(LoginPageObject.java:28)
	at com.nopcommerce.users.Level_04_Register_Login_Multiple_Browser.TC_02_Login(Level_04_Register_Login_Multiple_Browser.java:90)
Caused by: org.openqa.selenium.NoSuchElementException: no such element: Unable to locate element: {&quot;method&quot;:&quot;xpath&quot;,&quot;selector&quot;:&quot; //button[@class=&apos;button-1 login-button&apos;]&quot;}
  (Session info: MicrosoftEdge=90.0.818.62)
For documentation on this error, please visit: https://www.seleniumhq.org/exceptions/no_such_element.html
Build info: version: &apos;3.141.59&apos;, revision: &apos;e82be7d358&apos;, time: &apos;2018-11-14T08:25:53&apos;
System info: host: &apos;DESKTOP-MC&apos;, ip: &apos;192.168.109.2&apos;, os.name: &apos;Windows 10&apos;, os.arch: &apos;amd64&apos;, os.version: &apos;10.0&apos;, java.version: &apos;1.8.0_211&apos;
Driver info: org.openqa.selenium.edge.EdgeDriver
Capabilities {acceptInsecureCerts: false, browserName: msedge, browserVersion: 90.0.818.62, javascriptEnabled: true, ms:edgeOptions: {debuggerAddress: localhost:60191}, msedge: {msedgedriverVersion: 90.0.818.51 (0ac6c7911676c0..., userDataDir: C:\Users\Admin\AppData\Loca...}, networkConnectionEnabled: false, pageLoadStrategy: normal, platform: WINDOWS, platformName: WINDOWS, proxy: Proxy(), setWindowRect: true, strictFileInteractability: false, timeouts: {implicit: 0, pageLoad: 300000, script: 30000}, unhandledPromptBehavior: dismiss and notify, webauthn:extension:largeBlob: true, webauthn:virtualAuthenticators: true}
Session ID: c0c84c547c7214b67fd925a9714627bf
*** Element info: {Using=xpath, value= //button[@class=&apos;button-1 login-button&apos;]}
	at org.openqa.selenium.remote.http.W3CHttpResponseCodec.createException(W3CHttpResponseCodec.java:187)
	at org.openqa.selenium.remote.http.W3CHttpResponseCodec.decode(W3CHttpResponseCodec.java:122)
	at org.openqa.selenium.remote.http.W3CHttpResponseCodec.decode(W3CHttpResponseCodec.java:49)
	at org.openqa.selenium.remote.HttpCommandExecutor.execute(HttpCommandExecutor.java:158)
	at org.openqa.selenium.remote.service.DriverCommandExecutor.execute(DriverCommandExecutor.java:83)
	at org.openqa.selenium.remote.RemoteWebDriver.execute(RemoteWebDriver.java:552)
	at org.openqa.selenium.remote.RemoteWebDriver.findElement(RemoteWebDriver.java:323)
	at org.openqa.selenium.remote.RemoteWebDriver.findElementByXPath(RemoteWebDriver.java:428)
	at org.openqa.selenium.By$ByXPath.findElement(By.java:353)
	at org.openqa.selenium.remote.RemoteWebDriver.findElement(RemoteWebDriver.java:315)
	at org.openqa.selenium.support.ui.ExpectedConditions$7.apply(ExpectedConditions.java:205)
	at org.openqa.selenium.support.ui.ExpectedConditions$7.apply(ExpectedConditions.java:201)
	at org.openqa.selenium.support.ui.ExpectedConditions$22.apply(ExpectedConditions.java:641)
	at org.openqa.selenium.support.ui.ExpectedConditions$22.apply(ExpectedConditions.java:638)
	at org.openqa.selenium.support.ui.FluentWait.until(FluentWait.java:249)
	... 28 more
... Removed 29 stack frames</div></td></tr></table><p class="totop"><a href="#summary">back to summary</a></p>
<h3 id="m14">com.nopcommerce.users.Level_04_Register_Login_Multiple_Browser#TC_03_MyAcount</h3><table class="result"><tr><th>Exception</th></tr><tr><td><div class="stacktrace">org.openqa.selenium.TimeoutException: Expected condition failed: waiting for element to be clickable: By.xpath: //a[@class=&apos;ico-account&apos;] (tried for 30 second(s) with 500 milliseconds interval)
	at org.openqa.selenium.support.ui.WebDriverWait.timeoutException(WebDriverWait.java:95)
	at org.openqa.selenium.support.ui.FluentWait.until(FluentWait.java:272)
	at commons.AbstractPage.waitToElementclickable(AbstractPage.java:370)
	at pageObjects.HomePageObject.clickToMyAccountLink(HomePageObject.java:27)
	at com.nopcommerce.users.Level_04_Register_Login_Multiple_Browser.TC_03_MyAcount(Level_04_Register_Login_Multiple_Browser.java:98)
Caused by: org.openqa.selenium.NoSuchElementException: no such element: Unable to locate element: {&quot;method&quot;:&quot;xpath&quot;,&quot;selector&quot;:&quot;//a[@class=&apos;ico-account&apos;]&quot;}
  (Session info: MicrosoftEdge=90.0.818.62)
For documentation on this error, please visit: https://www.seleniumhq.org/exceptions/no_such_element.html
Build info: version: &apos;3.141.59&apos;, revision: &apos;e82be7d358&apos;, time: &apos;2018-11-14T08:25:53&apos;
System info: host: &apos;DESKTOP-MC&apos;, ip: &apos;192.168.109.2&apos;, os.name: &apos;Windows 10&apos;, os.arch: &apos;amd64&apos;, os.version: &apos;10.0&apos;, java.version: &apos;1.8.0_211&apos;
Driver info: org.openqa.selenium.edge.EdgeDriver
Capabilities {acceptInsecureCerts: false, browserName: msedge, browserVersion: 90.0.818.62, javascriptEnabled: true, ms:edgeOptions: {debuggerAddress: localhost:60191}, msedge: {msedgedriverVersion: 90.0.818.51 (0ac6c7911676c0..., userDataDir: C:\Users\Admin\AppData\Loca...}, networkConnectionEnabled: false, pageLoadStrategy: normal, platform: WINDOWS, platformName: WINDOWS, proxy: Proxy(), setWindowRect: true, strictFileInteractability: false, timeouts: {implicit: 0, pageLoad: 300000, script: 30000}, unhandledPromptBehavior: dismiss and notify, webauthn:extension:largeBlob: true, webauthn:virtualAuthenticators: true}
Session ID: c0c84c547c7214b67fd925a9714627bf
*** Element info: {Using=xpath, value=//a[@class=&apos;ico-account&apos;]}
	at org.openqa.selenium.remote.http.W3CHttpResponseCodec.createException(W3CHttpResponseCodec.java:187)
	at org.openqa.selenium.remote.http.W3CHttpResponseCodec.decode(W3CHttpResponseCodec.java:122)
	at org.openqa.selenium.remote.http.W3CHttpResponseCodec.decode(W3CHttpResponseCodec.java:49)
	at org.openqa.selenium.remote.HttpCommandExecutor.execute(HttpCommandExecutor.java:158)
	at org.openqa.selenium.remote.service.DriverCommandExecutor.execute(DriverCommandExecutor.java:83)
	at org.openqa.selenium.remote.RemoteWebDriver.execute(RemoteWebDriver.java:552)
	at org.openqa.selenium.remote.RemoteWebDriver.findElement(RemoteWebDriver.java:323)
	at org.openqa.selenium.remote.RemoteWebDriver.findElementByXPath(RemoteWebDriver.java:428)
	at org.openqa.selenium.By$ByXPath.findElement(By.java:353)
	at org.openqa.selenium.remote.RemoteWebDriver.findElement(RemoteWebDriver.java:315)
	at org.openqa.selenium.support.ui.ExpectedConditions$7.apply(ExpectedConditions.java:205)
	at org.openqa.selenium.support.ui.ExpectedConditions$7.apply(ExpectedConditions.java:201)
	at org.openqa.selenium.support.ui.ExpectedConditions$22.apply(ExpectedConditions.java:641)
	at org.openqa.selenium.support.ui.ExpectedConditions$22.apply(ExpectedConditions.java:638)
	at org.openqa.selenium.support.ui.FluentWait.until(FluentWait.java:249)
	... 28 more
... Removed 29 stack frames</div></td></tr></table><p class="totop"><a href="#summary">back to summary</a></p>
</body>
</html>
