<?xml version="1.0" encoding="UTF-8"?>
<!-- Generated by org.testng.reporters.JUnitReportReporter -->
<testsuite skipped="4" hostname="DESKTOP-MC" name="com.nopcommerce.users.User_03_MyAccount" tests="5" failures="0" timestamp="12 Jun 2021 07:52:29 GMT" time="0.000" errors="1">
  <testcase name="beforeClass" time="0.000" classname="com.nopcommerce.users.User_03_MyAccount">
    <error type="org.testng.TestNGException" message="
Parameter &#039;browser&#039; is required by BeforeClass on method beforeClass but has not been marked @Optional or defined
in C:\Users\Admin\AppData\Local\Temp\testng-eclipse-1784810483\testng-customsuite.xml">
      <![CDATA[org.testng.TestNGException: 
Parameter 'browser' is required by BeforeClass on method beforeClass but has not been marked @Optional or defined
in C:\Users\Admin\AppData\Local\Temp\testng-eclipse-1784810483\testng-customsuite.xml
at org.testng.internal.Parameters.createParams(Parameters.java:290)
at org.testng.internal.Parameters.createParametersForMethod(Parameters.java:359)
at org.testng.internal.Parameters.createParameters(Parameters.java:620)
at org.testng.internal.Parameters.createConfigurationParameters(Parameters.java:190)
at org.testng.internal.Invoker.invokeConfigurations(Invoker.java:209)
at org.testng.internal.Invoker.invokeConfigurations(Invoker.java:142)
at org.testng.internal.TestMethodWorker.invokeBeforeClassMethods(TestMethodWorker.java:168)
at org.testng.internal.TestMethodWorker.run(TestMethodWorker.java:105)
at org.testng.TestRunner.privateRun(TestRunner.java:648)
at org.testng.TestRunner.run(TestRunner.java:505)
at org.testng.SuiteRunner.runTest(SuiteRunner.java:455)
at org.testng.SuiteRunner.runSequentially(SuiteRunner.java:450)
at org.testng.SuiteRunner.privateRun(SuiteRunner.java:415)
at org.testng.SuiteRunner.run(SuiteRunner.java:364)
at org.testng.SuiteRunnerWorker.runSuite(SuiteRunnerWorker.java:52)
at org.testng.SuiteRunnerWorker.run(SuiteRunnerWorker.java:84)
at org.testng.TestNG.runSuitesSequentially(TestNG.java:1208)
at org.testng.TestNG.runSuitesLocally(TestNG.java:1137)
at org.testng.TestNG.runSuites(TestNG.java:1049)
at org.testng.TestNG.run(TestNG.java:1017)
at org.testng.remote.AbstractRemoteTestNG.run(AbstractRemoteTestNG.java:115)
at org.testng.remote.RemoteTestNG.initAndRun(RemoteTestNG.java:251)
at org.testng.remote.RemoteTestNG.main(RemoteTestNG.java:77)
]]>
    </error>
  </testcase> <!-- beforeClass -->
  <testcase name="TC_02_Add_Address" time="0.000" classname="com.nopcommerce.users.User_03_MyAccount">
    <skipped/>
  </testcase> <!-- TC_02_Add_Address -->
  <testcase name="TC_01_Update_Customer_Info" time="0.000" classname="com.nopcommerce.users.User_03_MyAccount">
    <skipped/>
  </testcase> <!-- TC_01_Update_Customer_Info -->
  <testcase name="TC_03_Chage_Password" time="0.000" classname="com.nopcommerce.users.User_03_MyAccount">
    <skipped/>
  </testcase> <!-- TC_03_Chage_Password -->
  <testcase name="TC_04_My_Products_Reviews" time="0.000" classname="com.nopcommerce.users.User_03_MyAccount">
    <skipped/>
  </testcase> <!-- TC_04_My_Products_Reviews -->
</testsuite> <!-- com.nopcommerce.users.User_03_MyAccount -->
